[log: 2021-07-18-08-46-13] 処理開始
[log: 2021-07-18-08-46-36] 「ガッツ」を含む求人・転職情報
[log: 2021-07-18-08-46-36] 0件目成功
[log: 2021-07-18-08-46-36] 1件目成功
[log: 2021-07-18-08-46-36] 2件目成功
[log: 2021-07-18-08-46-36] 3件目成功
[log: 2021-07-18-08-46-36] 4件目成功
[log: 2021-07-18-08-46-37] 5件目成功
[log: 2021-07-18-08-46-37] 6件目成功
[log: 2021-07-18-08-46-37] 7件目成功
[log: 2021-07-18-08-46-37] 8件目成功
[log: 2021-07-18-08-46-37] 9件目成功
[log: 2021-07-18-08-46-37] 10件目成功
[log: 2021-07-18-08-46-38] 11件目成功
[log: 2021-07-18-08-46-38] 12件目成功
[log: 2021-07-18-08-46-38] 13件目成功
[log: 2021-07-18-08-46-38] 14件目成功
[log: 2021-07-18-08-46-38] 15件目成功
[log: 2021-07-18-08-46-39] 16件目成功
[log: 2021-07-18-08-46-39] 17件目成功
[log: 2021-07-18-08-46-39] 18件目成功
[log: 2021-07-18-08-46-39] 19件目成功
[log: 2021-07-18-08-46-39] 20件目成功
[log: 2021-07-18-08-46-39] 21件目成功
[log: 2021-07-18-08-46-39] 22件目成功
[log: 2021-07-18-08-46-40] 23件目成功
[log: 2021-07-18-08-46-40] 24件目成功
[log: 2021-07-18-08-46-40] 25件目成功
[log: 2021-07-18-08-46-40] 26件目成功
[log: 2021-07-18-08-46-40] 27件目成功
[log: 2021-07-18-08-46-41] 28件目成功
[log: 2021-07-18-08-46-41] 29件目成功
[log: 2021-07-18-08-46-41] 30件目成功
[log: 2021-07-18-08-46-41] 31件目成功
[log: 2021-07-18-08-46-41] 32件目成功
[log: 2021-07-18-08-46-42] 33件目成功
[log: 2021-07-18-08-46-42] 34件目成功
[log: 2021-07-18-08-46-42] 35件目成功
[log: 2021-07-18-08-46-42] 36件目成功
[log: 2021-07-18-08-46-42] 37件目成功
[log: 2021-07-18-08-46-43] 38件目成功
[log: 2021-07-18-08-46-43] 39件目成功
[log: 2021-07-18-08-46-43] 40件目成功
[log: 2021-07-18-08-46-43] 41件目成功
[log: 2021-07-18-08-46-43] 42件目成功
[log: 2021-07-18-08-46-43] 43件目成功
[log: 2021-07-18-08-46-44] 44件目成功
[log: 2021-07-18-08-46-44] 45件目成功
[log: 2021-07-18-08-46-44] 46件目成功
[log: 2021-07-18-08-46-44] 47件目成功
[log: 2021-07-18-08-46-44] 48件目成功
[log: 2021-07-18-08-46-45] 49件目成功
[log: 2021-07-18-08-46-45] --------------------1ページ目終了--------------------
[log: 2021-07-18-08-46-51] 0件目成功
[log: 2021-07-18-08-46-51] 1件目成功
[log: 2021-07-18-08-46-51] 2件目成功
[log: 2021-07-18-08-46-51] 3件目成功
[log: 2021-07-18-08-46-51] 4件目成功
[log: 2021-07-18-08-46-52] 5件目成功
[log: 2021-07-18-08-46-52] 6件目成功
[log: 2021-07-18-08-46-52] 7件目成功
[log: 2021-07-18-08-46-52] 8件目成功
[log: 2021-07-18-08-46-52] 9件目成功
[log: 2021-07-18-08-46-53] 10件目成功
[log: 2021-07-18-08-46-53] 11件目成功
[log: 2021-07-18-08-46-53] 12件目成功
[log: 2021-07-18-08-46-53] 13件目成功
[log: 2021-07-18-08-46-53] 14件目成功
[log: 2021-07-18-08-46-54] 15件目成功
[log: 2021-07-18-08-46-54] 16件目成功
[log: 2021-07-18-08-46-54] 17件目成功
[log: 2021-07-18-08-46-54] 18件目成功
[log: 2021-07-18-08-46-54] 19件目成功
[log: 2021-07-18-08-46-55] 20件目成功
[log: 2021-07-18-08-46-55] 21件目成功
[log: 2021-07-18-08-46-55] 22件目成功
[log: 2021-07-18-08-46-55] 23件目成功
[log: 2021-07-18-08-46-55] 24件目成功
[log: 2021-07-18-08-46-56] 25件目成功
[log: 2021-07-18-08-46-56] 26件目成功
[log: 2021-07-18-08-46-56] 27件目成功
[log: 2021-07-18-08-46-56] 28件目成功
[log: 2021-07-18-08-46-56] 29件目成功
[log: 2021-07-18-08-46-57] 30件目成功
[log: 2021-07-18-08-46-57] 31件目成功
[log: 2021-07-18-08-46-57] 32件目成功
[log: 2021-07-18-08-46-57] 33件目成功
[log: 2021-07-18-08-46-57] 34件目成功
[log: 2021-07-18-08-46-58] 35件目成功
[log: 2021-07-18-08-46-58] 36件目成功
[log: 2021-07-18-08-46-58] 37件目成功
[log: 2021-07-18-08-46-58] 38件目成功
[log: 2021-07-18-08-46-58] 39件目成功
[log: 2021-07-18-08-46-58] 40件目成功
[log: 2021-07-18-08-46-59] 41件目成功
[log: 2021-07-18-08-46-59] 42件目成功
[log: 2021-07-18-08-46-59] 43件目成功
[log: 2021-07-18-08-46-59] 44件目成功
[log: 2021-07-18-08-46-59] 45件目成功
[log: 2021-07-18-08-46-59] 46件目成功
[log: 2021-07-18-08-47-00] 47件目成功
[log: 2021-07-18-08-47-00] 48件目成功
[log: 2021-07-18-08-47-00] 49件目成功
[log: 2021-07-18-08-47-00] --------------------2ページ目終了--------------------
[log: 2021-07-18-08-47-04] 0件目成功
[log: 2021-07-18-08-47-04] 1件目成功
[log: 2021-07-18-08-47-04] 2件目成功
[log: 2021-07-18-08-47-04] 3件目成功
[log: 2021-07-18-08-47-04] 4件目成功
[log: 2021-07-18-08-47-04] 5件目成功
[log: 2021-07-18-08-47-05] 6件目成功
[log: 2021-07-18-08-47-05] 7件目成功
[log: 2021-07-18-08-47-05] 8件目成功
[log: 2021-07-18-08-47-05] 9件目成功
[log: 2021-07-18-08-47-05] 10件目成功
[log: 2021-07-18-08-47-06] 11件目成功
[log: 2021-07-18-08-47-06] 12件目成功
[log: 2021-07-18-08-47-06] --------------------3ページ目終了--------------------
[log: 2021-07-18-08-47-06] 処理終了
