[log: 2021-07-18-16-30-44] 処理開始
[log: 2021-07-18-16-31-16] 「ガッツ」を含む求人・転職情報
[log: 2021-07-18-16-31-16] 0件目成功
[log: 2021-07-18-16-31-17] 1件目成功
[log: 2021-07-18-16-31-17] 2件目成功
[log: 2021-07-18-16-31-17] 3件目成功
[log: 2021-07-18-16-31-17] 4件目成功
[log: 2021-07-18-16-31-17] 5件目成功
[log: 2021-07-18-16-31-17] 6件目成功
[log: 2021-07-18-16-31-18] 7件目成功
[log: 2021-07-18-16-31-18] 8件目成功
[log: 2021-07-18-16-31-18] 9件目成功
[log: 2021-07-18-16-31-18] 10件目成功
[log: 2021-07-18-16-31-18] 11件目成功
[log: 2021-07-18-16-31-18] 12件目成功
[log: 2021-07-18-16-31-19] 13件目成功
[log: 2021-07-18-16-31-19] 14件目成功
[log: 2021-07-18-16-31-19] 15件目成功
[log: 2021-07-18-16-31-19] 16件目成功
[log: 2021-07-18-16-31-19] 17件目成功
[log: 2021-07-18-16-31-20] 18件目成功
[log: 2021-07-18-16-31-20] 19件目成功
[log: 2021-07-18-16-31-20] 20件目成功
[log: 2021-07-18-16-31-20] 21件目成功
[log: 2021-07-18-16-31-20] 22件目成功
[log: 2021-07-18-16-31-20] 23件目成功
[log: 2021-07-18-16-31-21] 24件目成功
[log: 2021-07-18-16-31-21] 25件目成功
[log: 2021-07-18-16-31-21] 26件目成功
[log: 2021-07-18-16-31-21] 27件目成功
[log: 2021-07-18-16-31-21] 28件目成功
[log: 2021-07-18-16-31-21] 29件目成功
[log: 2021-07-18-16-31-22] 30件目成功
[log: 2021-07-18-16-31-22] 31件目成功
[log: 2021-07-18-16-31-22] 32件目成功
[log: 2021-07-18-16-31-22] 33件目成功
[log: 2021-07-18-16-31-22] 34件目成功
[log: 2021-07-18-16-31-23] 35件目成功
[log: 2021-07-18-16-31-23] 36件目成功
[log: 2021-07-18-16-31-23] 37件目成功
[log: 2021-07-18-16-31-23] 38件目成功
[log: 2021-07-18-16-31-23] 39件目成功
[log: 2021-07-18-16-31-23] 40件目成功
[log: 2021-07-18-16-31-24] 41件目成功
[log: 2021-07-18-16-31-24] 42件目成功
[log: 2021-07-18-16-31-24] 43件目成功
[log: 2021-07-18-16-31-24] 44件目成功
[log: 2021-07-18-16-31-24] 45件目成功
[log: 2021-07-18-16-31-25] 46件目成功
[log: 2021-07-18-16-31-25] 47件目成功
[log: 2021-07-18-16-31-25] 48件目成功
[log: 2021-07-18-16-31-25] 49件目成功
[log: 2021-07-18-16-31-25] --------------------1ページ目終了--------------------
[log: 2021-07-18-16-31-31] 0件目成功
[log: 2021-07-18-16-31-31] 1件目成功
[log: 2021-07-18-16-31-31] 2件目成功
[log: 2021-07-18-16-31-31] 3件目成功
[log: 2021-07-18-16-31-32] 4件目成功
[log: 2021-07-18-16-31-32] 5件目成功
[log: 2021-07-18-16-31-32] 6件目成功
[log: 2021-07-18-16-31-32] 7件目成功
[log: 2021-07-18-16-31-33] 8件目成功
[log: 2021-07-18-16-31-33] 9件目成功
[log: 2021-07-18-16-31-33] 10件目成功
[log: 2021-07-18-16-31-33] 11件目成功
[log: 2021-07-18-16-31-33] 12件目成功
[log: 2021-07-18-16-31-33] 13件目成功
[log: 2021-07-18-16-31-34] 14件目成功
[log: 2021-07-18-16-31-34] 15件目成功
[log: 2021-07-18-16-31-34] 16件目成功
[log: 2021-07-18-16-31-34] 17件目成功
[log: 2021-07-18-16-31-34] 18件目成功
[log: 2021-07-18-16-31-35] 19件目成功
[log: 2021-07-18-16-31-35] 20件目成功
[log: 2021-07-18-16-31-35] 21件目成功
[log: 2021-07-18-16-31-35] 22件目成功
[log: 2021-07-18-16-31-35] 23件目成功
[log: 2021-07-18-16-31-35] 24件目成功
[log: 2021-07-18-16-31-36] 25件目成功
[log: 2021-07-18-16-31-36] 26件目成功
[log: 2021-07-18-16-31-36] 27件目成功
[log: 2021-07-18-16-31-36] 28件目成功
[log: 2021-07-18-16-31-36] 29件目成功
[log: 2021-07-18-16-31-37] 30件目成功
[log: 2021-07-18-16-31-37] 31件目成功
[log: 2021-07-18-16-31-37] 32件目成功
[log: 2021-07-18-16-31-37] 33件目成功
[log: 2021-07-18-16-31-37] 34件目成功
[log: 2021-07-18-16-31-38] 35件目成功
[log: 2021-07-18-16-31-38] 36件目成功
[log: 2021-07-18-16-31-38] 37件目成功
[log: 2021-07-18-16-31-38] 38件目成功
[log: 2021-07-18-16-31-38] 39件目成功
[log: 2021-07-18-16-31-38] 40件目成功
[log: 2021-07-18-16-31-39] 41件目成功
[log: 2021-07-18-16-31-39] 42件目成功
[log: 2021-07-18-16-31-39] 43件目成功
[log: 2021-07-18-16-31-39] 44件目成功
[log: 2021-07-18-16-31-39] 45件目成功
[log: 2021-07-18-16-31-40] 46件目成功
[log: 2021-07-18-16-31-40] 47件目成功
[log: 2021-07-18-16-31-40] 48件目成功
[log: 2021-07-18-16-31-40] 49件目成功
[log: 2021-07-18-16-31-40] --------------------2ページ目終了--------------------
[log: 2021-07-18-16-31-42] 0件目成功
[log: 2021-07-18-16-31-44] 1件目成功
[log: 2021-07-18-16-31-44] 2件目成功
[log: 2021-07-18-16-31-44] 3件目成功
[log: 2021-07-18-16-31-44] 4件目成功
[log: 2021-07-18-16-31-44] 5件目成功
[log: 2021-07-18-16-31-44] 6件目成功
[log: 2021-07-18-16-31-45] 7件目成功
[log: 2021-07-18-16-31-45] 8件目成功
[log: 2021-07-18-16-31-45] 9件目成功
[log: 2021-07-18-16-31-45] 10件目成功
[log: 2021-07-18-16-31-45] 11件目成功
[log: 2021-07-18-16-31-46] 12件目成功
[log: 2021-07-18-16-31-46] --------------------3ページ目終了--------------------
[log: 2021-07-18-16-31-46] 処理終了
