[log: 2021-07-17-18-29-39] 処理開始
[log: 2021-07-17-18-30-20] 「ガッツ」を含む求人・転職情報
[log: 2021-07-17-18-30-23] 0件目成功
[log: 2021-07-17-18-30-24] 1件目成功
[log: 2021-07-17-18-30-24] 2件目成功
[log: 2021-07-17-18-30-24] 3件目成功
[log: 2021-07-17-18-30-24] 4件目成功
[log: 2021-07-17-18-30-24] 5件目成功
[log: 2021-07-17-18-30-24] 6件目成功
[log: 2021-07-17-18-30-25] 7件目成功
[log: 2021-07-17-18-30-25] 8件目成功
[log: 2021-07-17-18-30-25] 9件目成功
[log: 2021-07-17-18-30-25] 10件目成功
[log: 2021-07-17-18-30-25] 11件目成功
[log: 2021-07-17-18-30-25] 12件目成功
[log: 2021-07-17-18-30-25] 13件目成功
[log: 2021-07-17-18-30-26] 14件目成功
[log: 2021-07-17-18-30-26] 15件目成功
[log: 2021-07-17-18-30-26] 16件目成功
[log: 2021-07-17-18-30-26] 17件目成功
[log: 2021-07-17-18-30-26] 18件目成功
[log: 2021-07-17-18-30-27] 19件目成功
[log: 2021-07-17-18-30-27] 20件目成功
[log: 2021-07-17-18-30-27] 21件目成功
[log: 2021-07-17-18-30-27] 22件目成功
[log: 2021-07-17-18-30-27] 23件目成功
[log: 2021-07-17-18-30-27] 24件目成功
[log: 2021-07-17-18-30-27] 25件目成功
[log: 2021-07-17-18-30-28] 26件目成功
[log: 2021-07-17-18-30-28] 27件目成功
[log: 2021-07-17-18-30-28] 28件目成功
[log: 2021-07-17-18-30-28] 29件目成功
[log: 2021-07-17-18-30-28] 30件目成功
[log: 2021-07-17-18-30-28] 31件目成功
[log: 2021-07-17-18-30-29] 32件目成功
[log: 2021-07-17-18-30-29] 33件目成功
[log: 2021-07-17-18-30-29] 34件目成功
[log: 2021-07-17-18-30-29] 35件目成功
[log: 2021-07-17-18-30-29] 36件目成功
[log: 2021-07-17-18-30-29] 37件目成功
[log: 2021-07-17-18-30-30] 38件目成功
[log: 2021-07-17-18-30-30] 39件目成功
[log: 2021-07-17-18-30-30] 40件目成功
[log: 2021-07-17-18-30-30] 41件目成功
[log: 2021-07-17-18-30-30] 42件目成功
[log: 2021-07-17-18-30-31] 43件目成功
[log: 2021-07-17-18-30-31] 44件目成功
[log: 2021-07-17-18-30-31] 45件目成功
[log: 2021-07-17-18-30-31] 46件目成功
[log: 2021-07-17-18-30-31] 47件目成功
[log: 2021-07-17-18-30-31] 48件目成功
[log: 2021-07-17-18-30-32] 49件目成功
[log: 2021-07-17-18-30-32] 1ページ目終了
[log: 2021-07-17-18-30-38] 0件目成功
[log: 2021-07-17-18-30-38] 1件目成功
[log: 2021-07-17-18-30-38] 2件目成功
[log: 2021-07-17-18-30-38] 3件目成功
[log: 2021-07-17-18-30-38] 4件目成功
[log: 2021-07-17-18-30-39] 5件目成功
[log: 2021-07-17-18-30-39] 6件目成功
[log: 2021-07-17-18-30-39] 7件目成功
[log: 2021-07-17-18-30-39] 8件目成功
[log: 2021-07-17-18-30-39] 9件目成功
[log: 2021-07-17-18-30-39] 10件目成功
[log: 2021-07-17-18-30-40] 11件目成功
[log: 2021-07-17-18-30-40] 12件目成功
[log: 2021-07-17-18-30-40] 13件目成功
[log: 2021-07-17-18-30-40] 14件目成功
[log: 2021-07-17-18-30-40] 15件目成功
[log: 2021-07-17-18-30-41] 16件目成功
[log: 2021-07-17-18-30-41] 17件目成功
[log: 2021-07-17-18-30-41] 18件目成功
[log: 2021-07-17-18-30-41] 19件目成功
[log: 2021-07-17-18-30-41] 20件目成功
[log: 2021-07-17-18-30-41] 21件目成功
[log: 2021-07-17-18-30-42] 22件目成功
[log: 2021-07-17-18-30-42] 23件目成功
[log: 2021-07-17-18-30-42] 24件目成功
[log: 2021-07-17-18-30-42] 25件目成功
[log: 2021-07-17-18-30-42] 26件目成功
[log: 2021-07-17-18-30-43] 27件目成功
[log: 2021-07-17-18-30-43] 28件目成功
[log: 2021-07-17-18-30-43] 29件目成功
[log: 2021-07-17-18-30-43] 30件目成功
[log: 2021-07-17-18-30-43] 31件目成功
[log: 2021-07-17-18-30-44] 32件目成功
[log: 2021-07-17-18-30-44] 33件目成功
[log: 2021-07-17-18-30-44] 34件目成功
[log: 2021-07-17-18-30-44] 35件目成功
[log: 2021-07-17-18-30-44] 36件目成功
[log: 2021-07-17-18-30-45] 37件目成功
[log: 2021-07-17-18-30-45] 38件目成功
[log: 2021-07-17-18-30-45] 39件目成功
[log: 2021-07-17-18-30-45] 40件目成功
[log: 2021-07-17-18-30-45] 41件目成功
[log: 2021-07-17-18-30-45] 42件目成功
[log: 2021-07-17-18-30-46] 43件目成功
[log: 2021-07-17-18-30-46] 44件目成功
[log: 2021-07-17-18-30-46] 45件目成功
[log: 2021-07-17-18-30-46] 46件目成功
[log: 2021-07-17-18-30-46] 47件目成功
[log: 2021-07-17-18-30-47] 48件目成功
[log: 2021-07-17-18-30-47] 49件目成功
[log: 2021-07-17-18-30-47] 2ページ目終了
[log: 2021-07-17-18-30-51] 0件目成功
[log: 2021-07-17-18-30-51] 1件目成功
[log: 2021-07-17-18-30-51] 2件目成功
[log: 2021-07-17-18-30-51] 3件目成功
[log: 2021-07-17-18-30-51] 4件目成功
[log: 2021-07-17-18-30-52] 5件目成功
[log: 2021-07-17-18-30-52] 6件目成功
[log: 2021-07-17-18-30-52] 7件目成功
[log: 2021-07-17-18-30-52] 8件目成功
[log: 2021-07-17-18-30-52] 9件目成功
[log: 2021-07-17-18-30-52] 10件目成功
[log: 2021-07-17-18-30-53] 11件目成功
[log: 2021-07-17-18-30-53] 12件目成功
[log: 2021-07-17-18-30-53] 処理終了
