[log: 2021-07-17-18-36-52] 処理開始
[log: 2021-07-17-18-37-29] 「ガッツ」を含む求人・転職情報
[log: 2021-07-17-18-37-29] 0件目成功
[log: 2021-07-17-18-37-29] 1件目成功
[log: 2021-07-17-18-37-29] 2件目成功
[log: 2021-07-17-18-37-30] 3件目成功
[log: 2021-07-17-18-37-30] 4件目成功
[log: 2021-07-17-18-37-30] 5件目成功
[log: 2021-07-17-18-37-30] 6件目成功
[log: 2021-07-17-18-37-30] 7件目成功
[log: 2021-07-17-18-37-30] 8件目成功
[log: 2021-07-17-18-37-31] 9件目成功
[log: 2021-07-17-18-37-31] 10件目成功
[log: 2021-07-17-18-37-31] 11件目成功
[log: 2021-07-17-18-37-31] 12件目成功
[log: 2021-07-17-18-37-31] 13件目成功
[log: 2021-07-17-18-37-32] 14件目成功
[log: 2021-07-17-18-37-32] 15件目成功
[log: 2021-07-17-18-37-32] 16件目成功
[log: 2021-07-17-18-37-32] 17件目成功
[log: 2021-07-17-18-37-32] 18件目成功
[log: 2021-07-17-18-37-33] 19件目成功
[log: 2021-07-17-18-37-33] 20件目成功
[log: 2021-07-17-18-37-33] 21件目成功
[log: 2021-07-17-18-37-33] 22件目成功
[log: 2021-07-17-18-37-33] 23件目成功
[log: 2021-07-17-18-37-34] 24件目成功
[log: 2021-07-17-18-37-34] 25件目成功
[log: 2021-07-17-18-37-34] 26件目成功
[log: 2021-07-17-18-37-34] 27件目成功
[log: 2021-07-17-18-37-34] 28件目成功
[log: 2021-07-17-18-37-34] 29件目成功
[log: 2021-07-17-18-37-35] 30件目成功
[log: 2021-07-17-18-37-35] 31件目成功
[log: 2021-07-17-18-37-35] 32件目成功
[log: 2021-07-17-18-37-35] 33件目成功
[log: 2021-07-17-18-37-35] 34件目成功
[log: 2021-07-17-18-37-36] 35件目成功
[log: 2021-07-17-18-37-36] 36件目成功
[log: 2021-07-17-18-37-36] 37件目成功
[log: 2021-07-17-18-37-36] 38件目成功
[log: 2021-07-17-18-37-36] 39件目成功
[log: 2021-07-17-18-37-37] 40件目成功
[log: 2021-07-17-18-37-37] 41件目成功
[log: 2021-07-17-18-37-37] 42件目成功
[log: 2021-07-17-18-37-37] 43件目成功
[log: 2021-07-17-18-37-37] 44件目成功
[log: 2021-07-17-18-37-38] 45件目成功
[log: 2021-07-17-18-37-38] 46件目成功
[log: 2021-07-17-18-37-38] 47件目成功
[log: 2021-07-17-18-37-38] 48件目成功
[log: 2021-07-17-18-37-38] 49件目成功
[log: 2021-07-17-18-37-38] --------------------1ページ目終了--------------------
[log: 2021-07-17-18-37-45] 0件目成功
[log: 2021-07-17-18-37-45] 1件目成功
[log: 2021-07-17-18-37-45] 2件目成功
[log: 2021-07-17-18-37-45] 3件目成功
[log: 2021-07-17-18-37-46] 4件目成功
[log: 2021-07-17-18-37-46] 5件目成功
[log: 2021-07-17-18-37-46] 6件目成功
[log: 2021-07-17-18-37-46] 7件目成功
[log: 2021-07-17-18-37-46] 8件目成功
[log: 2021-07-17-18-37-47] 9件目成功
[log: 2021-07-17-18-37-47] 10件目成功
[log: 2021-07-17-18-37-47] 11件目成功
[log: 2021-07-17-18-37-47] 12件目成功
[log: 2021-07-17-18-37-47] 13件目成功
[log: 2021-07-17-18-37-48] 14件目成功
[log: 2021-07-17-18-37-48] 15件目成功
[log: 2021-07-17-18-37-48] 16件目成功
[log: 2021-07-17-18-37-48] 17件目成功
[log: 2021-07-17-18-37-48] 18件目成功
[log: 2021-07-17-18-37-49] 19件目成功
[log: 2021-07-17-18-37-49] 20件目成功
[log: 2021-07-17-18-37-49] 21件目成功
[log: 2021-07-17-18-37-49] 22件目成功
[log: 2021-07-17-18-37-49] 23件目成功
[log: 2021-07-17-18-37-49] 24件目成功
[log: 2021-07-17-18-37-50] 25件目成功
[log: 2021-07-17-18-37-50] 26件目成功
[log: 2021-07-17-18-37-50] 27件目成功
[log: 2021-07-17-18-37-50] 28件目成功
[log: 2021-07-17-18-37-50] 29件目成功
[log: 2021-07-17-18-37-51] 30件目成功
[log: 2021-07-17-18-37-51] 31件目成功
[log: 2021-07-17-18-37-51] 32件目成功
[log: 2021-07-17-18-37-51] 33件目成功
[log: 2021-07-17-18-37-51] 34件目成功
[log: 2021-07-17-18-37-52] 35件目成功
[log: 2021-07-17-18-37-52] 36件目成功
[log: 2021-07-17-18-37-52] 37件目成功
[log: 2021-07-17-18-37-52] 38件目成功
[log: 2021-07-17-18-37-52] 39件目成功
[log: 2021-07-17-18-37-53] 40件目成功
[log: 2021-07-17-18-37-53] 41件目成功
[log: 2021-07-17-18-37-53] 42件目成功
[log: 2021-07-17-18-37-53] 43件目成功
[log: 2021-07-17-18-37-53] 44件目成功
[log: 2021-07-17-18-37-54] 45件目成功
[log: 2021-07-17-18-37-54] 46件目成功
[log: 2021-07-17-18-37-54] 47件目成功
[log: 2021-07-17-18-37-54] 48件目成功
[log: 2021-07-17-18-37-54] 49件目成功
[log: 2021-07-17-18-37-54] --------------------2ページ目終了--------------------
[log: 2021-07-17-18-37-58] 0件目成功
[log: 2021-07-17-18-37-58] 1件目成功
[log: 2021-07-17-18-37-59] 2件目成功
[log: 2021-07-17-18-37-59] 3件目成功
[log: 2021-07-17-18-37-59] 4件目成功
[log: 2021-07-17-18-37-59] 5件目成功
[log: 2021-07-17-18-37-59] 6件目成功
[log: 2021-07-17-18-37-59] 7件目成功
[log: 2021-07-17-18-38-00] 8件目成功
[log: 2021-07-17-18-38-00] 9件目成功
[log: 2021-07-17-18-38-00] 10件目成功
[log: 2021-07-17-18-38-00] 11件目成功
[log: 2021-07-17-18-38-00] 12件目成功
[log: 2021-07-17-18-38-00] --------------------3ページ目終了--------------------
[log: 2021-07-17-18-38-00] 処理終了
