[log: 2021-07-18-08-05-18] 処理開始
[log: 2021-07-18-08-05-42] 「ガッツ」を含む求人・転職情報
[log: 2021-07-18-08-05-45] 0件目成功
[log: 2021-07-18-08-05-46] 1件目成功
[log: 2021-07-18-08-05-46] 2件目成功
[log: 2021-07-18-08-05-46] 3件目成功
[log: 2021-07-18-08-05-46] 4件目成功
[log: 2021-07-18-08-05-46] 5件目成功
[log: 2021-07-18-08-05-46] 6件目成功
[log: 2021-07-18-08-05-47] 7件目成功
[log: 2021-07-18-08-05-47] 8件目成功
[log: 2021-07-18-08-05-47] 9件目成功
[log: 2021-07-18-08-05-47] 10件目成功
[log: 2021-07-18-08-05-47] 11件目成功
[log: 2021-07-18-08-05-47] 12件目成功
[log: 2021-07-18-08-05-48] 13件目成功
[log: 2021-07-18-08-05-48] 14件目成功
[log: 2021-07-18-08-05-48] 15件目成功
[log: 2021-07-18-08-05-48] 16件目成功
[log: 2021-07-18-08-05-48] 17件目成功
[log: 2021-07-18-08-05-48] 18件目成功
[log: 2021-07-18-08-05-49] 19件目成功
[log: 2021-07-18-08-05-49] 20件目成功
[log: 2021-07-18-08-05-49] 21件目成功
[log: 2021-07-18-08-05-49] 22件目成功
[log: 2021-07-18-08-05-49] 23件目成功
[log: 2021-07-18-08-05-49] 24件目成功
[log: 2021-07-18-08-05-50] 25件目成功
[log: 2021-07-18-08-05-50] 26件目成功
[log: 2021-07-18-08-05-50] 27件目成功
[log: 2021-07-18-08-05-50] 28件目成功
[log: 2021-07-18-08-05-50] 29件目成功
[log: 2021-07-18-08-05-50] 30件目成功
[log: 2021-07-18-08-05-51] 31件目成功
[log: 2021-07-18-08-05-51] 32件目成功
[log: 2021-07-18-08-05-51] 33件目成功
[log: 2021-07-18-08-05-51] 34件目成功
[log: 2021-07-18-08-05-51] 35件目成功
[log: 2021-07-18-08-05-52] 36件目成功
[log: 2021-07-18-08-05-52] 37件目成功
[log: 2021-07-18-08-05-52] 38件目成功
[log: 2021-07-18-08-05-52] 39件目成功
[log: 2021-07-18-08-05-52] 40件目成功
[log: 2021-07-18-08-05-52] 41件目成功
[log: 2021-07-18-08-05-53] 42件目成功
[log: 2021-07-18-08-05-53] 43件目成功
[log: 2021-07-18-08-05-53] 44件目成功
[log: 2021-07-18-08-05-53] 45件目成功
[log: 2021-07-18-08-05-53] 46件目成功
[log: 2021-07-18-08-05-53] 47件目成功
[log: 2021-07-18-08-05-54] 48件目成功
[log: 2021-07-18-08-05-54] 49件目成功
[log: 2021-07-18-08-05-54] --------------------1ページ目終了--------------------
[log: 2021-07-18-08-06-00] 0件目成功
[log: 2021-07-18-08-06-00] 1件目成功
[log: 2021-07-18-08-06-01] 2件目成功
[log: 2021-07-18-08-06-01] 3件目成功
[log: 2021-07-18-08-06-01] 4件目成功
[log: 2021-07-18-08-06-01] 5件目成功
[log: 2021-07-18-08-06-01] 6件目成功
[log: 2021-07-18-08-06-02] 7件目成功
[log: 2021-07-18-08-06-02] 8件目成功
[log: 2021-07-18-08-06-02] 9件目成功
[log: 2021-07-18-08-06-02] 10件目成功
[log: 2021-07-18-08-06-02] 11件目成功
[log: 2021-07-18-08-06-02] 12件目成功
[log: 2021-07-18-08-06-03] 13件目成功
[log: 2021-07-18-08-06-03] 14件目成功
[log: 2021-07-18-08-06-03] 15件目成功
[log: 2021-07-18-08-06-03] 16件目成功
[log: 2021-07-18-08-06-03] 17件目成功
[log: 2021-07-18-08-06-03] 18件目成功
[log: 2021-07-18-08-06-04] 19件目成功
[log: 2021-07-18-08-06-04] 20件目成功
[log: 2021-07-18-08-06-04] 21件目成功
[log: 2021-07-18-08-06-04] 22件目成功
[log: 2021-07-18-08-06-04] 23件目成功
[log: 2021-07-18-08-06-05] 24件目成功
[log: 2021-07-18-08-06-05] 25件目成功
[log: 2021-07-18-08-06-05] 26件目成功
[log: 2021-07-18-08-06-05] 27件目成功
[log: 2021-07-18-08-06-05] 28件目成功
[log: 2021-07-18-08-06-06] 29件目成功
[log: 2021-07-18-08-06-06] 30件目成功
[log: 2021-07-18-08-06-06] 31件目成功
[log: 2021-07-18-08-06-06] 32件目成功
[log: 2021-07-18-08-06-06] 33件目成功
[log: 2021-07-18-08-06-06] 34件目成功
[log: 2021-07-18-08-06-07] 35件目成功
[log: 2021-07-18-08-06-07] 36件目成功
[log: 2021-07-18-08-06-07] 37件目成功
[log: 2021-07-18-08-06-07] 38件目成功
[log: 2021-07-18-08-06-07] 39件目成功
[log: 2021-07-18-08-06-08] 40件目成功
[log: 2021-07-18-08-06-08] 41件目成功
[log: 2021-07-18-08-06-08] 42件目成功
[log: 2021-07-18-08-06-08] 43件目成功
[log: 2021-07-18-08-06-08] 44件目成功
[log: 2021-07-18-08-06-08] 45件目成功
[log: 2021-07-18-08-06-09] 46件目成功
[log: 2021-07-18-08-06-09] 47件目成功
[log: 2021-07-18-08-06-09] 48件目成功
[log: 2021-07-18-08-06-09] 49件目成功
[log: 2021-07-18-08-06-09] --------------------2ページ目終了--------------------
[log: 2021-07-18-08-06-11] 0件目成功
[log: 2021-07-18-08-06-13] 1件目成功
[log: 2021-07-18-08-06-13] 2件目成功
[log: 2021-07-18-08-06-13] 3件目成功
[log: 2021-07-18-08-06-14] 4件目成功
[log: 2021-07-18-08-06-14] 5件目成功
[log: 2021-07-18-08-06-14] 6件目成功
[log: 2021-07-18-08-06-14] 7件目成功
[log: 2021-07-18-08-06-14] 8件目成功
[log: 2021-07-18-08-06-14] 9件目成功
[log: 2021-07-18-08-06-15] 10件目成功
[log: 2021-07-18-08-06-15] 11件目成功
[log: 2021-07-18-08-06-15] 12件目成功
[log: 2021-07-18-08-06-15] --------------------3ページ目終了--------------------
[log: 2021-07-18-08-06-15] 処理終了
